<?xml version="1.0" encoding="UTF-8" ?>
<testsuite tests="22" failures="0" name="runner.TestRunner" time="0.002" errors="0" skipped="0">
  <properties>
    <property name="java.runtime.name" value="OpenJDK Runtime Environment"/>
    <property name="java.vm.version" value="11.0.3+7"/>
    <property name="sun.boot.library.path" value="C:\Program Files\AdoptOpenJDK\jdk-11.0.3.7-hotspot\bin"/>
    <property name="maven.multiModuleProjectDirectory" value="C:/Users/moffice/IdeaProjects/RestAssuredDemo"/>
    <property name="java.vm.vendor" value="AdoptOpenJDK"/>
    <property name="java.vendor.url" value="https://adoptopenjdk.net/"/>
    <property name="guice.disable.misplaced.annotation.check" value="true"/>
    <property name="path.separator" value=";"/>
    <property name="java.vm.name" value="OpenJDK 64-Bit Server VM"/>
    <property name="sun.os.patch.level" value=""/>
    <property name="user.script" value=""/>
    <property name="user.country" value="GB"/>
    <property name="sun.java.launcher" value="SUN_STANDARD"/>
    <property name="java.vm.specification.name" value="Java Virtual Machine Specification"/>
    <property name="user.dir" value="C:\Users\moffice\IdeaProjects\RestAssuredDemo"/>
    <property name="java.vm.compressedOopsMode" value="32-bit"/>
    <property name="java.runtime.version" value="11.0.3+7"/>
    <property name="java.awt.graphicsenv" value="sun.awt.Win32GraphicsEnvironment"/>
    <property name="os.arch" value="amd64"/>
    <property name="java.io.tmpdir" value="C:\Users\moffice\AppData\Local\Temp\"/>
    <property name="line.separator" value="
"/>
    <property name="java.vm.specification.vendor" value="Oracle Corporation"/>
    <property name="user.variant" value=""/>
    <property name="os.name" value="Windows 10"/>
    <property name="classworlds.conf" value="C:/Users/moffice/Downloads/apache-maven-3.6.1-bin/apache-maven-3.6.1/bin/m2.conf"/>
    <property name="sun.jnu.encoding" value="Cp1252"/>
    <property name="java.library.path" value="C:\Program Files\AdoptOpenJDK\jdk-11.0.3.7-hotspot\bin;C:\WINDOWS\Sun\Java\bin;C:\WINDOWS\system32;C:\WINDOWS;C:\Users\moffice\bin;C:\Program Files\Git\mingw64\bin;C:\Program Files\Git\usr\local\bin;C:\Program Files\Git\usr\bin;C:\Program Files\Git\usr\bin;C:\Program Files\Git\mingw64\bin;C:\Program Files\Git\usr\bin;C:\Users\moffice\bin;C:\Program Files\AdoptOpenJDK\jdk-11.0.3.7-hotspot\bin;C:\Program Files (x86)\Common Files\Oracle\Java\javapath;C:\WINDOWS\system32;C:\WINDOWS;C:\WINDOWS\System32\Wbem;C:\WINDOWS\System32\WindowsPowerShell\v1.0;C:\Program Files\Git\cmd;C:\Program Files\PuTTY;C:\Program Files (x86)\Symantec\VIP Access Client;C:\WINDOWS\System32\OpenSSH;C:\Go\bin;C:\Program Files\dotnet;C:\Program Files\Microsoft SQL Server\130\Tools\Binn;C:\Program Files\Microsoft SQL Server\Client SDK\ODBC\170\Tools\Binn;C:\Program Files\nodejs;C:\Program Files\MySQL\MySQL Shell 8.0\bin;C:\Program Files\MySQL\MySQL Server 8.0\bin;C:\Users\moffice;C:\ProgramData\chocolatey\bin;C:\python34;C:\python34\scripts;C:\Users\moffice\Downloads\apache-maven-3.6.1-bin\apache-maven-3.6.1\bin;C:\Ruby25-x64\bin;C:\Program Files\MySQL\MySQL Shell 8.0\bin;C:\Users\moffice\.dotnet\tools;C:\Users\moffice\AppData\Roaming\npm;C:\Users\moffice\AppData\Local\Programs\Microsoft VS Code\bin;C:\Program Files\Docker Toolbox;C:\Program Files (x86)\Nmap;C:\Program Files\JetBrains\IntelliJ IDEA Community Edition 2019.1.3\bin;C:\Program Files\Git\usr\bin\vendor_perl;C:\Program Files\Git\usr\bin\core_perl;."/>
    <property name="maven.conf" value="C:/Users/moffice/Downloads/apache-maven-3.6.1-bin/apache-maven-3.6.1/conf"/>
    <property name="jdk.debug" value="release"/>
    <property name="java.class.version" value="55.0"/>
    <property name="java.specification.name" value="Java Platform API Specification"/>
    <property name="sun.management.compiler" value="HotSpot 64-Bit Tiered Compilers"/>
    <property name="os.version" value="10.0"/>
    <property name="library.jansi.path" value="C:/Users/moffice/Downloads/apache-maven-3.6.1-bin/apache-maven-3.6.1/lib/jansi-native"/>
    <property name="user.home" value="C:\Users\moffice"/>
    <property name="user.timezone" value="Europe/London"/>
    <property name="java.awt.printerjob" value="sun.awt.windows.WPrinterJob"/>
    <property name="file.encoding" value="Cp1252"/>
    <property name="java.specification.version" value="11"/>
    <property name="user.name" value="moffice"/>
    <property name="java.class.path" value="C:/Users/moffice/Downloads/apache-maven-3.6.1-bin/apache-maven-3.6.1/boot/plexus-classworlds-2.6.0.jar"/>
    <property name="java.vm.specification.version" value="11"/>
    <property name="sun.arch.data.model" value="64"/>
    <property name="sun.java.command" value="org.codehaus.plexus.classworlds.launcher.Launcher test"/>
    <property name="java.home" value="C:\Program Files\AdoptOpenJDK\jdk-11.0.3.7-hotspot"/>
    <property name="user.language" value="en"/>
    <property name="java.specification.vendor" value="Oracle Corporation"/>
    <property name="awt.toolkit" value="sun.awt.windows.WToolkit"/>
    <property name="java.vm.info" value="mixed mode"/>
    <property name="java.version" value="11.0.3"/>
    <property name="java.vendor" value="AdoptOpenJDK"/>
    <property name="maven.home" value="C:\Users\moffice\Downloads\apache-maven-3.6.1-bin\apache-maven-3.6.1"/>
    <property name="file.separator" value="\"/>
    <property name="java.version.date" value="2019-04-16"/>
    <property name="java.vendor.url.bug" value="https://github.com/AdoptOpenJDK/openjdk-build/issues"/>
    <property name="sun.io.unicode.encoding" value="UnicodeLittle"/>
    <property name="sun.cpu.endian" value="little"/>
    <property name="java.vendor.version" value="AdoptOpenJDK"/>
    <property name="sun.desktop" value="windows"/>
    <property name="sun.cpu.isalist" value="amd64"/>
  </properties>
  <testcase classname="Scenario: " name="Given Ensure I perform POST operation for &quot;/posts&quot; with body as" time="0.002"/>
  <testcase classname="Scenario: " name="And I perform a DELETE operation for &quot;/posts/{postid}/&quot;" time="0"/>
  <testcase classname="Scenario: " name="And I perform a GET operation with path parameter for &quot;/posts/{postid}&quot;" time="0"/>
  <testcase classname="Scenario: " name="Then I should not see body with title &quot;layla&quot;" time="0"/>
  <testcase classname="Scenario: " name="Scenario: " time="0"/>
  <testcase classname="Scenario: Verify one author of the post" name="Given I perform GET operation for &quot;/posts&quot;" time="0"/>
  <testcase classname="Scenario: Verify one author of the post" name="Then I should see the author name as &quot;elliott&quot;" time="0"/>
  <testcase classname="Scenario: Verify one author of the post" name="Scenario: Verify one author of the post" time="0"/>
  <testcase classname="Scenario: Verify collection of authors in posts" name="Given I perform GET operation for &quot;/post&quot;" time="0"/>
  <testcase classname="Scenario: Verify collection of authors in posts" name="Then I should see the author names" time="0"/>
  <testcase classname="Scenario: Verify collection of authors in posts" name="Scenario: Verify collection of authors in posts" time="0"/>
  <testcase classname="Scenario: Verify parameter of GET" name="Given I perform GET operation for &quot;/post&quot;" time="0"/>
  <testcase classname="Scenario: Verify parameter of GET" name="Then I should see the GET parameter" time="0"/>
  <testcase classname="Scenario: Verify parameter of GET" name="Scenario: Verify parameter of GET" time="0"/>
  <testcase classname="Scenario: Verify query parameter of GET" name="Given I perform GET operation for &quot;/post&quot;" time="0"/>
  <testcase classname="Scenario: Verify query parameter of GET" name="Then I should see the GET query parameter" time="0"/>
  <testcase classname="Scenario: Verify query parameter of GET" name="Scenario: Verify query parameter of GET" time="0"/>
  <testcase classname="Scenario: Verify POST operation" name="Given I perform POST operation for &quot;/posts&quot;" time="0"/>
  <testcase classname="Scenario: Verify POST operation" name="Scenario: Verify POST operation" time="0"/>
  <testcase classname="Scenario: Verify POST operation for profile" name="Given I perform POST operation for &quot;/posts/{profileNo}/profile&quot; with body" time="0"/>
  <testcase classname="Scenario: Verify POST operation for profile" name="Then I should see the body name as &quot;serpentine&quot;" time="0"/>
  <testcase classname="Scenario: Verify POST operation for profile" name="Scenario: Verify POST operation for profile" time="0"/>
</testsuite>